

############################
Tue Jun  5 12:33:05 CEST 2012
/usr/local/bin/freesurfer/subjects/bert/surf
tksurfer.bin bert rh pial 
############################


############################
Tue Jun  5 12:33:27 CEST 2012
/usr/local/bin/freesurfer/subjects/bert/surf
tksurfer.bin PH0036 rh pial 
############################


############################
Tue Jun  5 12:34:23 CEST 2012
/usr/local/bin/freesurfer/subjects/bert/surf
tksurfer.bin PH0036 rh pial 
############################


############################
Tue Jun  5 12:48:15 CEST 2012
/usr/local/bin/freesurfer/subjects/bert/surf
tksurfer.bin PH0036 rh pial 
############################
